[2025-07-03 13:33:42][INFO] GIRIS_BASARILI: admin - IP: ::1 - Tarih: 2025-07-03 13:33:42
[2025-07-03 13:53:54][ERROR] KLASOR_ICERIK_HATASI: SQLSTATE[HY093]: Invalid parameter number: parameter was not defined
[2025-07-03 13:53:54][ERROR] [MY-FILES.PHP-17]-DOSYA_CEKME_HATASI: SQLSTATE[HY093]: Invalid parameter number: parameter was not defined
[2025-07-03 13:54:00][ERROR] KLASOR_ICERIK_HATASI: SQLSTATE[HY093]: Invalid parameter number: parameter was not defined
[2025-07-03 13:54:00][ERROR] [MY-FILES.PHP-17]-DOSYA_CEKME_HATASI: SQLSTATE[HY093]: Invalid parameter number: parameter was not defined
[2025-07-03 13:55:22][ERROR] KLASOR_ICERIK_HATASI: SQLSTATE[HY093]: Invalid parameter number: parameter was not defined
[2025-07-03 13:55:22][ERROR] [MY-FILES.PHP-17]-DOSYA_CEKME_HATASI: SQLSTATE[HY093]: Invalid parameter number: parameter was not defined
[2025-07-03 13:55:27][ERROR] KLASOR_ICERIK_HATASI: SQLSTATE[HY093]: Invalid parameter number: parameter was not defined
[2025-07-03 13:55:27][ERROR] [MY-FILES.PHP-17]-DOSYA_CEKME_HATASI: SQLSTATE[HY093]: Invalid parameter number: parameter was not defined
[2025-07-03 13:55:32][ERROR] KLASOR_ICERIK_HATASI: SQLSTATE[HY093]: Invalid parameter number: parameter was not defined
[2025-07-03 13:55:32][ERROR] [MY-FILES.PHP-17]-DOSYA_CEKME_HATASI: SQLSTATE[HY093]: Invalid parameter number: parameter was not defined
[2025-07-03 13:58:05][ERROR] KLASOR_ICERIK_HATASI: SQLSTATE[HY093]: Invalid parameter number: parameter was not defined
[2025-07-03 13:58:05][ERROR] [MY-FILES.PHP-17]-DOSYA_CEKME_HATASI: SQLSTATE[HY093]: Invalid parameter number: parameter was not defined
[2025-07-03 13:58:10][ERROR] KLASOR_ICERIK_HATASI: SQLSTATE[HY093]: Invalid parameter number: parameter was not defined
[2025-07-03 13:58:10][ERROR] [MY-FILES.PHP-17]-DOSYA_CEKME_HATASI: SQLSTATE[HY093]: Invalid parameter number: parameter was not defined
[2025-07-03 14:01:47][ERROR] KLASOR_OLUSTURMA_HATASI: Bu isimde bir klasör zaten mevcut!
[2025-07-03 14:01:47][ERROR] KLASOR_OLUSTURMA_HATASI: Bu isimde bir klasör zaten mevcut!
[2025-07-03 14:02:00][ERROR] KLASOR_OLUSTURMA_HATASI: Bu isimde bir klasör zaten mevcut!
[2025-07-03 14:02:00][ERROR] KLASOR_OLUSTURMA_HATASI: Bu isimde bir klasör zaten mevcut!
[2025-07-03 16:05:59][INFO] GIRIS_BASARILI: admin - IP: ::1 - Tarih: 2025-07-03 16:05:59
[2025-07-03 16:13:28][INFO] DOSYA_SILINDI: 23805dd4403a170e4ba53c5df3cd3057.jpg by user: admin
[2025-07-03 16:27:45][INFO] DOSYA_SILINDI: my-files.js by user: admin
[2025-07-03 16:27:47][INFO] DOSYA_SILINDI: profile.js by user: admin
[2025-07-03 16:29:19][INFO] DOSYA_SILINDI: profile.js by user: admin
[2025-07-03 16:33:08][ERROR] KLASOR_OLUSTURMA_HATASI: Bu isimde bir klasör zaten mevcut!
[2025-07-03 16:33:08][ERROR] KLASOR_OLUSTURMA_HATASI: Bu isimde bir klasör zaten mevcut!
[2025-07-03 16:40:30][INFO] DOSYA_SILINDI: Logger.php by user: admin
[2025-07-03 16:40:36][INFO] DOSYA_SILINDI: Logger.php by user: admin
[2025-07-03 16:43:04][INFO] DOSYA_SILINDI: Logger.php by user: admin
[2025-07-03 16:43:04][INFO] DOSYA_SILINDI: FolderManager.php by user: admin
[2025-07-03 16:43:04][INFO] DOSYA_SILINDI: Logger.php by user: admin
[2025-07-03 16:43:04][INFO] DOSYA_SILINDI: Logger.php by user: admin
[2025-07-04 14:08:19][INFO] GIRIS_BASARILI: admin - IP: ::1 - Tarih: 2025-07-04 14:08:19
[2025-07-04 14:19:15][INFO] DOSYA_SILINDI: register.js by user: admin
[2025-07-04 14:19:17][INFO] DOSYA_SILINDI: melon.jpg by user: admin
[2025-07-10 01:39:40][INFO] GIRIS_BASARILI: admin - IP: ::1 - Tarih: 2025-07-10 01:39:40
[2025-07-10 02:00:09][INFO] INDIRME_ISTEGI: admin
[2025-07-10 02:00:09][ERROR] BOS_TOKEN_GONDERILDI
[2025-07-10 02:08:05][INFO] INDIRME_ISTEGI: admin
[2025-07-10 02:08:05][INFO] TOKEN_ICIN_DOSYA_BILGISI: 7c38dda13dc866898c86b7778287dd2d9535aa2291d0a3004aff9e5346c719eb
[2025-07-10 02:08:05][INFO] DOSYA_AKISI_BASLIYOR: Ekran Görüntüsü (27).png
[2025-07-10 02:08:05][INFO] BASARILI_DOSYA_AKISI: Ekran Görüntüsü (27).png
[2025-07-10 15:32:50][INFO] GIRIS_BASARILI: admin - IP: ::1 - Tarih: 2025-07-10 15:32:50
